<?xml version="1.0" encoding="UTF-8"?>
<coverage generated="1614494044941" clover="3.2.0">
  <project timestamp="1614494044941" name="All files">
    <metrics statements="44" coveredstatements="10" conditionals="10" coveredconditionals="6" methods="8" coveredmethods="1" elements="62" coveredelements="17" complexity="0" loc="44" ncloc="44" packages="1" files="1" classes="1"/>
    <file name="main.js" path="/mnt/c/Users/trist/Documents/github/Lab8/Part1-Jest/assets/scripts/main.js">
      <metrics statements="44" coveredstatements="10" conditionals="10" coveredconditionals="6" methods="8" coveredmethods="1"/>
      <line num="3" count="1" type="stmt"/>
      <line num="4" count="0" type="stmt"/>
      <line num="5" count="0" type="stmt"/>
      <line num="6" count="0" type="stmt"/>
      <line num="7" count="0" type="stmt"/>
      <line num="8" count="0" type="stmt"/>
      <line num="9" count="0" type="stmt"/>
      <line num="10" count="0" type="stmt"/>
      <line num="11" count="0" type="stmt"/>
      <line num="12" count="0" type="stmt"/>
      <line num="13" count="0" type="stmt"/>
      <line num="14" count="0" type="stmt"/>
      <line num="15" count="0" type="stmt"/>
      <line num="17" count="0" type="cond" truecount="0" falsecount="2"/>
      <line num="18" count="0" type="stmt"/>
      <line num="20" count="0" type="stmt"/>
      <line num="24" count="0" type="stmt"/>
      <line num="25" count="0" type="stmt"/>
      <line num="26" count="0" type="stmt"/>
      <line num="27" count="0" type="stmt"/>
      <line num="29" count="0" type="cond" truecount="0" falsecount="2"/>
      <line num="30" count="0" type="stmt"/>
      <line num="32" count="0" type="stmt"/>
      <line num="36" count="0" type="stmt"/>
      <line num="37" count="0" type="stmt"/>
      <line num="38" count="0" type="stmt"/>
      <line num="41" count="0" type="stmt"/>
      <line num="42" count="0" type="stmt"/>
      <line num="43" count="0" type="stmt"/>
      <line num="46" count="0" type="stmt"/>
      <line num="47" count="0" type="stmt"/>
      <line num="48" count="0" type="stmt"/>
      <line num="53" count="0" type="stmt"/>
      <line num="54" count="0" type="stmt"/>
      <line num="55" count="0" type="stmt"/>
      <line num="59" count="101" type="cond" truecount="2" falsecount="0"/>
      <line num="60" count="34" type="stmt"/>
      <line num="61" count="67" type="cond" truecount="2" falsecount="0"/>
      <line num="62" count="33" type="stmt"/>
      <line num="63" count="34" type="cond" truecount="2" falsecount="0"/>
      <line num="64" count="33" type="stmt"/>
      <line num="66" count="1" type="stmt"/>
      <line num="68" count="101" type="stmt"/>
      <line num="71" count="1" type="stmt"/>
    </file>
  </project>
</coverage>
